INFO:alchemlyb.workflows.ABFE:Initialise Alchemlyb ABFE Workflow
INFO:alchemlyb.workflows.ABFE:Set temperature to 310 K.
INFO:alchemlyb.workflows.ABFE:Set unit to kcal/mol.
INFO:alchemlyb.workflows.ABFE:Finding files with prefix: dhdl, suffix: bz2 under directory /Users/zhiyiwu/miniforge3_x86/envs/mdanalysis-dev/lib/python3.7/site-packages/alchemtest/gmx/benzene/Coulomb/* produced by Gromacs
INFO:alchemlyb.workflows.ABFE:Found 5 xvg files.
INFO:alchemlyb.workflows.ABFE:Unsorted file list: 
/Users/zhiyiwu/miniforge3_x86/envs/mdanalysis-dev/lib/python3.7/site-packages/alchemtest/gmx/benzene/Coulomb/0750/dhdl.xvg.bz2
/Users/zhiyiwu/miniforge3_x86/envs/mdanalysis-dev/lib/python3.7/site-packages/alchemtest/gmx/benzene/Coulomb/0500/dhdl.xvg.bz2
/Users/zhiyiwu/miniforge3_x86/envs/mdanalysis-dev/lib/python3.7/site-packages/alchemtest/gmx/benzene/Coulomb/1000/dhdl.xvg.bz2
/Users/zhiyiwu/miniforge3_x86/envs/mdanalysis-dev/lib/python3.7/site-packages/alchemtest/gmx/benzene/Coulomb/0000/dhdl.xvg.bz2
/Users/zhiyiwu/miniforge3_x86/envs/mdanalysis-dev/lib/python3.7/site-packages/alchemtest/gmx/benzene/Coulomb/0250/dhdl.xvg.bz2
INFO:alchemlyb.workflows.ABFE:Using Gromacs parser to read the data.
INFO:alchemlyb.workflows.ABFE:Reading 4001 lines of u_nk from /Users/zhiyiwu/miniforge3_x86/envs/mdanalysis-dev/lib/python3.7/site-packages/alchemtest/gmx/benzene/Coulomb/0750/dhdl.xvg.bz2
INFO:alchemlyb.workflows.ABFE:Reading 4001 lines of dhdl from /Users/zhiyiwu/miniforge3_x86/envs/mdanalysis-dev/lib/python3.7/site-packages/alchemtest/gmx/benzene/Coulomb/0750/dhdl.xvg.bz2
INFO:alchemlyb.workflows.ABFE:Reading 4001 lines of u_nk from /Users/zhiyiwu/miniforge3_x86/envs/mdanalysis-dev/lib/python3.7/site-packages/alchemtest/gmx/benzene/Coulomb/0500/dhdl.xvg.bz2
INFO:alchemlyb.workflows.ABFE:Reading 4001 lines of dhdl from /Users/zhiyiwu/miniforge3_x86/envs/mdanalysis-dev/lib/python3.7/site-packages/alchemtest/gmx/benzene/Coulomb/0500/dhdl.xvg.bz2
INFO:alchemlyb.workflows.ABFE:Reading 4001 lines of u_nk from /Users/zhiyiwu/miniforge3_x86/envs/mdanalysis-dev/lib/python3.7/site-packages/alchemtest/gmx/benzene/Coulomb/1000/dhdl.xvg.bz2
INFO:alchemlyb.workflows.ABFE:Reading 4001 lines of dhdl from /Users/zhiyiwu/miniforge3_x86/envs/mdanalysis-dev/lib/python3.7/site-packages/alchemtest/gmx/benzene/Coulomb/1000/dhdl.xvg.bz2
INFO:alchemlyb.workflows.ABFE:Reading 4001 lines of u_nk from /Users/zhiyiwu/miniforge3_x86/envs/mdanalysis-dev/lib/python3.7/site-packages/alchemtest/gmx/benzene/Coulomb/0000/dhdl.xvg.bz2
INFO:alchemlyb.workflows.ABFE:Reading 4001 lines of dhdl from /Users/zhiyiwu/miniforge3_x86/envs/mdanalysis-dev/lib/python3.7/site-packages/alchemtest/gmx/benzene/Coulomb/0000/dhdl.xvg.bz2
INFO:alchemlyb.workflows.ABFE:Reading 4001 lines of u_nk from /Users/zhiyiwu/miniforge3_x86/envs/mdanalysis-dev/lib/python3.7/site-packages/alchemtest/gmx/benzene/Coulomb/0250/dhdl.xvg.bz2
INFO:alchemlyb.workflows.ABFE:Reading 4001 lines of dhdl from /Users/zhiyiwu/miniforge3_x86/envs/mdanalysis-dev/lib/python3.7/site-packages/alchemtest/gmx/benzene/Coulomb/0250/dhdl.xvg.bz2
INFO:alchemlyb.workflows.ABFE:Sort files according to the u_nk.
INFO:alchemlyb.workflows.ABFE:Sorted file list: 
/Users/zhiyiwu/miniforge3_x86/envs/mdanalysis-dev/lib/python3.7/site-packages/alchemtest/gmx/benzene/Coulomb/0000/dhdl.xvg.bz2
/Users/zhiyiwu/miniforge3_x86/envs/mdanalysis-dev/lib/python3.7/site-packages/alchemtest/gmx/benzene/Coulomb/0250/dhdl.xvg.bz2
/Users/zhiyiwu/miniforge3_x86/envs/mdanalysis-dev/lib/python3.7/site-packages/alchemtest/gmx/benzene/Coulomb/0500/dhdl.xvg.bz2
/Users/zhiyiwu/miniforge3_x86/envs/mdanalysis-dev/lib/python3.7/site-packages/alchemtest/gmx/benzene/Coulomb/0750/dhdl.xvg.bz2
/Users/zhiyiwu/miniforge3_x86/envs/mdanalysis-dev/lib/python3.7/site-packages/alchemtest/gmx/benzene/Coulomb/1000/dhdl.xvg.bz2
INFO:alchemlyb.workflows.ABFE:Start preprocessing with skiptime of 0 uncorrelation method of dhdl and threshold of 50
INFO:alchemlyb.workflows.ABFE:Processing the u_nk data set with skiptime of 0.
WARNING:alchemlyb.workflows.ABFE:Number of u_nk 39 for state 0 is less than the threshold 50.
INFO:alchemlyb.workflows.ABFE:Take all the u_nk for state 0.
WARNING:alchemlyb.workflows.ABFE:Number of u_nk 20 for state 1 is less than the threshold 50.
INFO:alchemlyb.workflows.ABFE:Take all the u_nk for state 1.
WARNING:alchemlyb.workflows.ABFE:Number of u_nk 39 for state 2 is less than the threshold 50.
INFO:alchemlyb.workflows.ABFE:Take all the u_nk for state 2.
WARNING:alchemlyb.workflows.ABFE:Number of u_nk 20 for state 3 is less than the threshold 50.
INFO:alchemlyb.workflows.ABFE:Take all the u_nk for state 3.
WARNING:alchemlyb.workflows.ABFE:Number of u_nk 39 for state 4 is less than the threshold 50.
INFO:alchemlyb.workflows.ABFE:Take all the u_nk for state 4.
WARNING:alchemlyb.workflows.ABFE:Number of dHdl 13 for state 0 is less than the threshold 50.
INFO:alchemlyb.workflows.ABFE:Take all the dHdl for state 0.
WARNING:alchemlyb.workflows.ABFE:Number of dHdl 20 for state 1 is less than the threshold 50.
INFO:alchemlyb.workflows.ABFE:Take all the dHdl for state 1.
WARNING:alchemlyb.workflows.ABFE:Number of dHdl 39 for state 2 is less than the threshold 50.
INFO:alchemlyb.workflows.ABFE:Take all the dHdl for state 2.
WARNING:alchemlyb.workflows.ABFE:Number of dHdl 39 for state 3 is less than the threshold 50.
INFO:alchemlyb.workflows.ABFE:Take all the dHdl for state 3.
WARNING:alchemlyb.workflows.ABFE:Number of dHdl 20 for state 4 is less than the threshold 50.
INFO:alchemlyb.workflows.ABFE:Take all the dHdl for state 4.
INFO:alchemlyb.workflows.ABFE:Start preprocessing with skiptime of 0 uncorrelation method of dhdl_all and threshold of 50
INFO:alchemlyb.workflows.ABFE:Processing the u_nk data set with skiptime of 0.
WARNING:alchemlyb.workflows.ABFE:Number of u_nk 13 for state 0 is less than the threshold 50.
INFO:alchemlyb.workflows.ABFE:Take all the u_nk for state 0.
WARNING:alchemlyb.workflows.ABFE:Number of u_nk 20 for state 1 is less than the threshold 50.
INFO:alchemlyb.workflows.ABFE:Take all the u_nk for state 1.
WARNING:alchemlyb.workflows.ABFE:Number of u_nk 39 for state 2 is less than the threshold 50.
INFO:alchemlyb.workflows.ABFE:Take all the u_nk for state 2.
WARNING:alchemlyb.workflows.ABFE:Number of u_nk 39 for state 3 is less than the threshold 50.
INFO:alchemlyb.workflows.ABFE:Take all the u_nk for state 3.
WARNING:alchemlyb.workflows.ABFE:Number of u_nk 20 for state 4 is less than the threshold 50.
INFO:alchemlyb.workflows.ABFE:Take all the u_nk for state 4.
WARNING:alchemlyb.workflows.ABFE:Number of dHdl 13 for state 0 is less than the threshold 50.
INFO:alchemlyb.workflows.ABFE:Take all the dHdl for state 0.
WARNING:alchemlyb.workflows.ABFE:Number of dHdl 20 for state 1 is less than the threshold 50.
INFO:alchemlyb.workflows.ABFE:Take all the dHdl for state 1.
WARNING:alchemlyb.workflows.ABFE:Number of dHdl 39 for state 2 is less than the threshold 50.
INFO:alchemlyb.workflows.ABFE:Take all the dHdl for state 2.
WARNING:alchemlyb.workflows.ABFE:Number of dHdl 39 for state 3 is less than the threshold 50.
INFO:alchemlyb.workflows.ABFE:Take all the dHdl for state 3.
WARNING:alchemlyb.workflows.ABFE:Number of dHdl 20 for state 4 is less than the threshold 50.
INFO:alchemlyb.workflows.ABFE:Take all the dHdl for state 4.
INFO:alchemlyb.workflows.ABFE:Start preprocessing with skiptime of 0 uncorrelation method of dE and threshold of 50
INFO:alchemlyb.workflows.ABFE:Processing the u_nk data set with skiptime of 0.
